[2024-01-18 14:10:20] INFO: 查找当前运行的SunloginRemote.exe,并结束进程
[2024-01-18 14:10:29] INFO: 查找SunloginRemote.exe,并运行程序
[2024-01-18 14:12:09] INFO: 查找当前运行的SunloginRemote.exe,并结束进程
[2024-01-18 14:12:12] INFO: 查找SunloginRemote.exe,并运行程序
[2024-01-18 14:13:24] INFO: 查找当前运行的SunloginRemote.exe,并结束进程
[2024-01-18 14:13:27] INFO: 查找SunloginRemote.exe,并运行程序
[2024-01-18 14:14:23] INFO: 查找当前运行的SunloginRemote.exe,并结束进程
[2024-01-18 14:14:26] INFO: 查找SunloginRemote.exe,并运行程序
[2024-01-18 14:14:52] INFO: 查找当前运行的SunloginRemote.exe,并结束进程
[2024-01-18 14:14:55] INFO: 查找SunloginRemote.exe,并运行程序
[2024-01-18 14:15:46] INFO: 查找当前运行的SunloginRemote.exe,并结束进程
[2024-01-18 14:15:49] INFO: 查找SunloginRemote.exe,并运行程序
[2024-01-18 14:16:43] INFO: 查找当前运行的SunloginRemote.exe,并结束进程
[2024-01-18 14:16:46] INFO: 查找SunloginRemote.exe,并运行程序
[2024-01-18 14:18:35] INFO: 查找当前运行的SunloginRemote.exe,并结束进程
[2024-01-18 14:18:38] INFO: 查找SunloginRemote.exe,并运行程序
[2024-01-18 14:19:15] INFO: 查找当前运行的SunloginRemote.exe,并结束进程
[2024-01-18 14:19:18] INFO: 查找SunloginRemote.exe,并运行程序
[2024-01-18 14:25:52] INFO: 查找当前运行的SunloginRemote.exe,并结束进程
[2024-01-18 14:25:55] INFO: 查找SunloginRemote.exe,并运行程序
[2024-01-18 14:34:40] INFO: 查找当前运行的SunloginRemote.exe,并结束进程
[2024-01-18 14:34:43] INFO: 查找SunloginRemote.exe,并运行程序
[2024-01-18 14:35:21] INFO: 查找当前运行的SunloginRemote.exe,并结束进程
[2024-01-18 14:35:24] INFO: 查找SunloginRemote.exe,并运行程序
[2024-01-18 14:55:10] INFO: 查找当前运行的SunloginRemote.exe,并结束进程
[2024-01-18 14:55:13] INFO: 查找SunloginRemote.exe,并运行程序
[2024-01-18 14:56:09] INFO: 查找当前运行的SunloginRemote.exe,并结束进程
[2024-01-18 14:56:12] INFO: 查找SunloginRemote.exe,并运行程序
[2024-01-18 15:20:57] INFO: 查找当前运行的SunloginRemote.exe,并结束进程
[2024-01-18 15:21:00] INFO: 查找SunloginRemote.exe,并运行程序
[2024-01-18 15:22:03] INFO: 查找当前运行的SunloginRemote.exe,并结束进程
[2024-01-18 15:22:06] INFO: 查找SunloginRemote.exe,并运行程序
[2024-01-25 14:10:21] INFO: 查找当前运行的SunloginRemote.exe,并结束进程
[2024-01-25 14:10:24] INFO: 查找SunloginRemote.exe,并运行程序
[2024-01-25 14:11:06] INFO: 查找当前运行的SunloginRemote.exe,并结束进程
[2024-01-25 14:11:09] INFO: 查找SunloginRemote.exe,并运行程序
[2024-01-25 14:12:35] INFO: 查找当前运行的SunloginRemote.exe,并结束进程
[2024-01-25 14:12:38] INFO: 查找SunloginRemote.exe,并运行程序
[2024-01-25 14:14:58] INFO: 查找当前运行的SunloginRemote.exe,并结束进程
[2024-01-25 14:15:01] INFO: 查找SunloginRemote.exe,并运行程序
[2024-01-25 14:15:38] INFO: 查找当前运行的SunloginRemote.exe,并结束进程
[2024-01-25 14:15:41] INFO: 查找SunloginRemote.exe,并运行程序
[2024-01-25 14:16:22] INFO: 查找当前运行的SunloginRemote.exe,并结束进程
[2024-01-25 14:16:25] INFO: 查找SunloginRemote.exe,并运行程序
[2024-01-25 14:17:17] INFO: 查找当前运行的SunloginRemote.exe,并结束进程
[2024-01-25 14:17:20] INFO: 查找SunloginRemote.exe,并运行程序
[2024-01-25 14:18:55] INFO: 查找当前运行的SunloginRemote.exe,并结束进程
[2024-01-25 14:18:58] INFO: 查找SunloginRemote.exe,并运行程序
[2024-01-25 14:19:21] INFO: 查找当前运行的SunloginRemote.exe,并结束进程
[2024-01-25 14:19:24] INFO: 查找SunloginRemote.exe,并运行程序
[2024-01-25 14:20:48] INFO: 查找当前运行的SunloginRemote.exe,并结束进程
[2024-01-25 14:20:51] INFO: 查找SunloginRemote.exe,并运行程序
[2024-01-25 14:21:34] INFO: 查找当前运行的SunloginRemote.exe,并结束进程
[2024-01-25 14:21:37] INFO: 查找SunloginRemote.exe,并运行程序
[2024-01-25 14:25:05] INFO: 查找当前运行的SunloginRemote.exe,并结束进程
[2024-01-25 14:25:08] INFO: 查找SunloginRemote.exe,并运行程序
[2024-01-25 14:26:44] INFO: 查找当前运行的SunloginRemote.exe,并结束进程
[2024-01-25 14:26:47] INFO: 查找SunloginRemote.exe,并运行程序
[2024-01-25 14:29:41] INFO: 查找当前运行的SunloginRemote.exe,并结束进程
[2024-01-25 14:29:44] INFO: 查找SunloginRemote.exe,并运行程序
[2024-01-25 14:33:25] INFO: 查找当前运行的SunloginRemote.exe,并结束进程
[2024-01-25 14:33:28] INFO: 查找SunloginRemote.exe,并运行程序
[2024-01-25 14:34:42] INFO: 查找当前运行的SunloginRemote.exe,并结束进程
[2024-01-25 14:34:45] INFO: 查找SunloginRemote.exe,并运行程序
[2024-01-25 14:38:40] INFO: 查找当前运行的SunloginRemote.exe,并结束进程
[2024-01-25 14:38:43] INFO: 查找SunloginRemote.exe,并运行程序
[2024-01-25 14:41:35] INFO: 查找当前运行的SunloginRemote.exe,并结束进程
[2024-01-25 14:41:38] INFO: 查找SunloginRemote.exe,并运行程序
[2024-01-25 14:45:59] INFO: 查找当前运行的SunloginRemote.exe,并结束进程
[2024-01-25 14:46:02] INFO: 查找SunloginRemote.exe,并运行程序
[2024-01-25 14:47:57] INFO: 查找当前运行的SunloginRemote.exe,并结束进程
[2024-01-25 14:48:00] INFO: 查找SunloginRemote.exe,并运行程序
[2024-01-25 14:48:43] INFO: 查找当前运行的SunloginRemote.exe,并结束进程
[2024-01-25 14:48:46] INFO: 查找SunloginRemote.exe,并运行程序
[2024-01-25 14:50:57] INFO: 查找当前运行的SunloginRemote.exe,并结束进程
[2024-01-25 14:51:00] INFO: 查找SunloginRemote.exe,并运行程序
[2024-01-25 15:01:35] INFO: 查找当前运行的SunloginRemote.exe,并结束进程
[2024-01-25 15:01:38] INFO: 查找SunloginRemote.exe,并运行程序
[2024-01-25 15:02:02] INFO: 查找当前运行的SunloginRemote.exe,并结束进程
[2024-01-25 15:02:05] INFO: 查找SunloginRemote.exe,并运行程序
[2024-01-25 15:03:56] INFO: 查找当前运行的SunloginRemote.exe,并结束进程
[2024-01-25 15:03:59] INFO: 查找SunloginRemote.exe,并运行程序
[2024-01-25 15:05:08] INFO: 查找当前运行的SunloginRemote.exe,并结束进程
[2024-01-25 15:05:11] INFO: 查找SunloginRemote.exe,并运行程序
[2024-01-25 15:06:09] INFO: 查找当前运行的SunloginRemote.exe,并结束进程
[2024-01-25 15:06:12] INFO: 查找SunloginRemote.exe,并运行程序
[2024-01-25 15:06:50] INFO: 查找当前运行的SunloginRemote.exe,并结束进程
[2024-01-25 15:06:53] INFO: 查找SunloginRemote.exe,并运行程序
[2024-01-25 15:33:02] INFO: 查找当前运行的SunloginRemote.exe,并结束进程
[2024-01-25 15:33:05] INFO: 查找SunloginRemote.exe,并运行程序
[2024-01-25 15:36:00] INFO: 查找当前运行的SunloginRemote.exe,并结束进程
[2024-01-25 15:36:03] INFO: 查找SunloginRemote.exe,并运行程序
[2024-01-25 15:36:41] INFO: 查找当前运行的SunloginRemote.exe,并结束进程
[2024-01-25 15:36:44] INFO: 查找SunloginRemote.exe,并运行程序
[2024-01-25 18:06:08] INFO: 查找当前运行的SunloginRemote.exe,并结束进程
[2024-01-25 18:06:11] INFO: 查找SunloginRemote.exe,并运行程序
[2024-01-25 18:06:41] INFO: 查找当前运行的SunloginRemote.exe,并结束进程
[2024-01-25 18:06:44] INFO: 查找SunloginRemote.exe,并运行程序
[2024-01-25 18:09:37] INFO: 查找当前运行的SunloginRemote.exe,并结束进程
[2024-01-25 18:09:40] INFO: 查找SunloginRemote.exe,并运行程序
[2024-01-25 18:27:41] INFO: 查找当前运行的SunloginRemote.exe,并结束进程
[2024-01-25 18:27:44] INFO: 查找SunloginRemote.exe,并运行程序
[2024-01-25 18:28:43] INFO: 查找当前运行的SunloginRemote.exe,并结束进程
[2024-01-25 18:28:46] INFO: 查找SunloginRemote.exe,并运行程序
[2024-01-25 18:32:17] INFO: 查找当前运行的SunloginRemote.exe,并结束进程
[2024-01-25 18:32:20] INFO: 查找SunloginRemote.exe,并运行程序
[2024-01-26 20:35:32] INFO: 查找当前运行的SunloginRemote.exe,并结束进程
[2024-01-26 20:35:35] INFO: 查找SunloginRemote.exe,并运行程序
[2024-01-26 20:36:18] INFO: 查找当前运行的SunloginRemote.exe,并结束进程
[2024-01-26 20:36:21] INFO: 查找SunloginRemote.exe,并运行程序
[2024-01-26 20:38:24] INFO: 查找当前运行的SunloginRemote.exe,并结束进程
[2024-01-26 20:38:27] INFO: 查找SunloginRemote.exe,并运行程序
[2024-01-28 19:30:35] INFO: 查找当前运行的SunloginRemote.exe,并结束进程
[2024-01-28 19:30:38] INFO: 查找SunloginRemote.exe,并运行程序
[2024-01-28 19:31:31] INFO: 查找当前运行的SunloginRemote.exe,并结束进程
[2024-01-28 19:31:34] INFO: 查找SunloginRemote.exe,并运行程序
[2024-01-28 19:40:20] INFO: 查找当前运行的SunloginRemote.exe,并结束进程
[2024-01-28 19:40:23] INFO: 查找SunloginRemote.exe,并运行程序
[2024-01-28 19:44:35] INFO: 查找当前运行的SunloginRemote.exe,并结束进程
[2024-01-28 19:44:38] INFO: 查找SunloginRemote.exe,并运行程序
[2024-01-28 19:46:35] INFO: 查找当前运行的SunloginRemote.exe,并结束进程
[2024-01-28 19:46:38] INFO: 查找SunloginRemote.exe,并运行程序
[2024-01-30 17:12:41] INFO: 查找当前运行的SunloginRemote.exe,并结束进程
[2024-01-30 17:12:44] INFO: 查找SunloginRemote.exe,并运行程序
[2024-01-31 13:41:06] INFO: 查找当前运行的SunloginRemote.exe,并结束进程
[2024-01-31 13:41:09] INFO: 查找SunloginRemote.exe,并运行程序
[2024-01-31 13:43:09] INFO: 查找当前运行的SunloginRemote.exe,并结束进程
[2024-01-31 13:43:12] INFO: 查找SunloginRemote.exe,并运行程序
[2024-01-31 14:06:15] INFO: 查找当前运行的SunloginRemote.exe,并结束进程
[2024-01-31 14:06:18] INFO: 查找SunloginRemote.exe,并运行程序
[2024-01-31 14:07:28] INFO: 查找当前运行的SunloginRemote.exe,并结束进程
[2024-01-31 14:07:31] INFO: 查找SunloginRemote.exe,并运行程序
[2024-01-31 14:08:25] INFO: 查找当前运行的SunloginRemote.exe,并结束进程
[2024-01-31 14:08:28] INFO: 查找SunloginRemote.exe,并运行程序
[2024-01-31 14:09:17] INFO: 查找当前运行的SunloginRemote.exe,并结束进程
[2024-01-31 14:09:20] INFO: 查找SunloginRemote.exe,并运行程序
[2024-01-31 14:12:30] INFO: 查找当前运行的SunloginRemote.exe,并结束进程
[2024-01-31 14:12:33] INFO: 查找SunloginRemote.exe,并运行程序
[2024-01-31 14:14:23] INFO: 查找当前运行的SunloginRemote.exe,并结束进程
[2024-01-31 14:14:26] INFO: 查找SunloginRemote.exe,并运行程序
[2024-01-31 14:17:32] INFO: 查找当前运行的SunloginRemote.exe,并结束进程
[2024-01-31 14:17:35] INFO: 查找SunloginRemote.exe,并运行程序
[2024-01-31 14:19:40] INFO: 查找当前运行的SunloginRemote.exe,并结束进程
[2024-01-31 14:19:43] INFO: 查找SunloginRemote.exe,并运行程序
[2024-01-31 14:21:57] INFO: 查找当前运行的SunloginRemote.exe,并结束进程
[2024-01-31 14:22:00] INFO: 查找SunloginRemote.exe,并运行程序
[2024-01-31 14:22:57] INFO: 查找当前运行的SunloginRemote.exe,并结束进程
[2024-01-31 14:23:00] INFO: 查找SunloginRemote.exe,并运行程序
[2024-01-31 14:26:06] INFO: 查找当前运行的SunloginRemote.exe,并结束进程
[2024-01-31 14:26:09] INFO: 查找SunloginRemote.exe,并运行程序
[2024-01-31 14:26:46] INFO: 查找当前运行的SunloginRemote.exe,并结束进程
[2024-01-31 14:26:49] INFO: 查找SunloginRemote.exe,并运行程序
[2024-01-31 14:27:24] INFO: 查找当前运行的SunloginRemote.exe,并结束进程
[2024-01-31 14:27:27] INFO: 查找SunloginRemote.exe,并运行程序
[2024-01-31 14:30:50] INFO: 查找当前运行的SunloginRemote.exe,并结束进程
[2024-01-31 14:30:53] INFO: 查找SunloginRemote.exe,并运行程序
[2024-01-31 14:33:56] INFO: 查找当前运行的SunloginRemote.exe,并结束进程
[2024-01-31 14:33:59] INFO: 查找SunloginRemote.exe,并运行程序
[2024-01-31 14:34:40] INFO: 查找当前运行的SunloginRemote.exe,并结束进程
[2024-01-31 14:34:43] INFO: 查找SunloginRemote.exe,并运行程序
[2024-01-31 16:08:02] INFO: 查找当前运行的SunloginRemote.exe,并结束进程
[2024-01-31 16:08:05] INFO: 查找SunloginRemote.exe,并运行程序
[2024-01-31 16:08:37] INFO: 查找当前运行的SunloginRemote.exe,并结束进程
[2024-01-31 16:08:40] INFO: 查找SunloginRemote.exe,并运行程序
[2024-01-31 16:08:56] INFO: 查找当前运行的SunloginRemote.exe,并结束进程
[2024-01-31 16:08:59] INFO: 查找SunloginRemote.exe,并运行程序
[2024-01-31 16:09:37] INFO: 查找当前运行的SunloginRemote.exe,并结束进程
[2024-01-31 16:09:40] INFO: 查找SunloginRemote.exe,并运行程序
[2024-01-31 16:10:22] INFO: 查找当前运行的SunloginRemote,并结束进程
[2024-01-31 16:10:25] INFO: 查找SunloginRemote,并运行程序
[2024-01-31 16:11:42] INFO: 查找当前运行的SunloginRemote,并结束进程
[2024-01-31 16:11:45] INFO: 查找SunloginRemote,并运行程序
[2024-01-31 16:12:02] INFO: 查找当前运行的SunloginRemote,并结束进程
[2024-01-31 16:12:05] INFO: 查找SunloginRemote,并运行程序
[2024-01-31 16:14:20] INFO: 查找当前运行的SunloginRemote_x64.exe,并结束进程
[2024-01-31 16:14:23] INFO: 查找SunloginRemote_x64.exe,并运行程序
[2024-01-31 16:16:15] INFO: 查找当前运行的SunloginRemote.exe,并结束进程
[2024-01-31 16:16:18] INFO: 查找SunloginRemote.exe,并运行程序
[2024-01-31 16:21:50] INFO: 查找当前运行的SunloginRemote.exe,并结束进程
[2024-01-31 16:21:53] INFO: 查找SunloginRemote.exe,并运行程序
[2024-01-31 16:23:15] INFO: 查找当前运行的SunloginRemote.exe,并结束进程
[2024-01-31 16:23:18] INFO: 查找SunloginRemote.exe,并运行程序
[2024-02-01 20:42:29] INFO: 查找当前运行的SunloginRemote.exe,并结束进程
[2024-02-01 20:42:32] INFO: 查找SunloginRemote.exe,并运行程序
[2024-02-01 20:43:04] INFO: 查找当前运行的SunloginRemote.exe,并结束进程
[2024-02-01 20:43:07] INFO: 查找SunloginRemote.exe,并运行程序
[2024-02-01 20:43:47] INFO: 查找当前运行的SunloginRemote.exe,并结束进程
[2024-02-01 20:43:50] INFO: 查找SunloginRemote.exe,并运行程序
[2024-02-01 20:44:51] INFO: 查找当前运行的SunloginRemote.exe,并结束进程
[2024-02-01 20:44:54] INFO: 查找SunloginRemote.exe,并运行程序
[2024-02-01 20:48:43] INFO: 查找当前运行的SunloginRemote.exe,并结束进程
[2024-02-01 20:48:46] INFO: 查找SunloginRemote.exe,并运行程序
[2024-02-01 20:54:29] INFO: 查找当前运行的SunloginRemote.exe,并结束进程
[2024-02-01 20:54:32] INFO: 查找SunloginRemote.exe,并运行程序
[2024-02-01 20:56:30] INFO: 查找当前运行的SunloginRemote.exe,并结束进程
[2024-02-01 20:56:33] INFO: 查找SunloginRemote.exe,并运行程序
[2024-02-01 20:56:44] INFO: 查找当前运行的SunloginRemote.exe,并结束进程
[2024-02-01 20:56:47] INFO: 查找SunloginRemote.exe,并运行程序
[2024-02-01 21:07:07] INFO: 查找当前运行的SunloginRemote.exe,并结束进程
[2024-02-01 21:07:10] INFO: 查找SunloginRemote.exe,并运行程序
[2024-02-01 21:08:12] INFO: 查找当前运行的SunloginRemote.exe,并结束进程
[2024-02-01 21:08:15] INFO: 查找SunloginRemote.exe,并运行程序
[2024-02-01 21:08:55] INFO: 查找当前运行的SunloginRemote.exe,并结束进程
[2024-02-01 21:08:58] INFO: 查找SunloginRemote.exe,并运行程序
[2024-02-01 21:09:45] INFO: 查找当前运行的SunloginRemote.exe,并结束进程
[2024-02-01 21:09:48] INFO: 查找SunloginRemote.exe,并运行程序
[2024-02-01 21:11:27] INFO: 查找当前运行的SunloginRemote.exe,并结束进程
[2024-02-01 21:11:30] INFO: 查找SunloginRemote.exe,并运行程序
[2024-02-01 21:17:44] INFO: 查找当前运行的SunloginRemote.exe,并结束进程
[2024-02-01 21:17:47] INFO: 查找SunloginRemote.exe,并运行程序
[2024-02-01 21:18:49] INFO: 查找当前运行的SunloginRemote.exe,并结束进程
[2024-02-01 21:18:52] INFO: 查找SunloginRemote.exe,并运行程序
[2024-02-01 21:20:40] INFO: 查找当前运行的SunloginRemote.exe,并结束进程
[2024-02-01 21:20:43] INFO: 查找SunloginRemote.exe,并运行程序
[2024-02-01 21:21:13] INFO: 查找当前运行的SunloginRemote.exe,并结束进程
[2024-02-01 21:21:16] INFO: 查找SunloginRemote.exe,并运行程序
[2024-02-01 22:14:28] INFO: 查找当前运行的SunloginRemote.exe,并结束进程
[2024-02-01 22:14:31] INFO: 查找SunloginRemote.exe,并运行程序
[2024-02-01 22:55:09] INFO: 查找当前运行的SunloginRemote.exe,并结束进程
[2024-02-01 22:55:12] INFO: 查找SunloginRemote.exe,并运行程序
[2024-02-01 23:53:55] INFO: 用户配置sql文件:DataBaseInfo/MysqlInfo/new_nanfang.yml
[2024-02-01 23:53:55] INFO: 成功连接数据库:nanfang
[2024-02-01 23:54:03] INFO: 用户配置sql文件:DataBaseInfo/MysqlInfo/new_nanfang.yml
[2024-02-01 23:54:03] INFO: 成功连接数据库:nanfang
[2024-02-01 23:54:34] INFO: 用户配置sql文件:DataBaseInfo/MysqlInfo/new_nanfang.yml
[2024-02-01 23:54:34] INFO: 成功连接数据库:nanfang
[2024-02-01 23:57:44] INFO: 用户配置sql文件:DataBaseInfo/MysqlInfo/new_nanfang.yml
[2024-02-01 23:57:44] INFO: 成功连接数据库:nanfang
[2024-02-01 23:58:43] INFO: 用户配置sql文件:DataBaseInfo/MysqlInfo/new_nanfang.yml
[2024-02-01 23:58:43] INFO: 成功连接数据库:nanfang
[2024-02-02 00:57:03] INFO: 用户配置sql文件:DataBaseInfo/MysqlInfo/new_nanfang.yml
[2024-02-02 00:57:03] INFO: 成功连接数据库:nanfang
[2024-02-02 00:59:23] INFO: 用户配置sql文件:DataBaseInfo/MysqlInfo/new_nanfang.yml
[2024-02-02 00:59:23] INFO: 成功连接数据库:nanfang
[2024-02-02 01:01:07] INFO: 用户配置sql文件:DataBaseInfo/MysqlInfo/new_nanfang.yml
[2024-02-02 01:01:07] INFO: 成功连接数据库:nanfang
[2024-02-02 01:02:54] INFO: 用户配置sql文件:DataBaseInfo/MysqlInfo/new_nanfang.yml
[2024-02-02 01:02:55] INFO: 成功连接数据库:nanfang
[2024-02-02 01:03:46] INFO: 用户配置sql文件:DataBaseInfo/MysqlInfo/new_nanfang.yml
[2024-02-02 01:03:46] INFO: 成功连接数据库:nanfang
[2024-02-02 01:09:00] INFO: 用户配置sql文件:DataBaseInfo/MysqlInfo/new_nanfang.yml
[2024-02-02 01:09:00] INFO: 成功连接数据库:nanfang
[2024-02-02 01:10:44] INFO: 用户配置sql文件:DataBaseInfo/MysqlInfo/new_nanfang.yml
[2024-02-02 01:10:44] INFO: 成功连接数据库:nanfang
[2024-02-02 01:13:53] INFO: 用户配置sql文件:DataBaseInfo/MysqlInfo/new_nanfang.yml
[2024-02-02 01:13:53] INFO: 成功连接数据库:nanfang
[2024-02-02 01:18:55] INFO: 用户配置sql文件:DataBaseInfo/MysqlInfo/new_nanfang.yml
[2024-02-02 01:18:55] INFO: 成功连接数据库:nanfang
[2024-02-02 01:21:47] INFO: 用户配置sql文件:DataBaseInfo/MysqlInfo/new_nanfang.yml
[2024-02-02 01:21:47] INFO: 成功连接数据库:nanfang
[2024-02-02 01:24:15] INFO: 查找当前运行的SunloginRemote.exe,并结束进程
[2024-02-02 01:24:18] INFO: 查找SunloginRemote.exe,并运行程序
[2024-02-02 01:25:50] INFO: 查找当前运行的SunloginRemote.exe,并结束进程
[2024-02-02 01:25:53] INFO: 查找SunloginRemote.exe,并运行程序
[2024-02-02 01:26:35] INFO: 查找当前运行的SunloginRemote.exe,并结束进程
[2024-02-02 01:26:38] INFO: 查找SunloginRemote.exe,并运行程序
[2024-02-02 01:28:01] INFO: 查找当前运行的SunloginRemote.exe,并结束进程
[2024-02-02 01:28:04] INFO: 查找SunloginRemote.exe,并运行程序
[2024-02-02 01:29:15] INFO: 查找当前运行的SunloginRemote.exe,并结束进程
[2024-02-02 01:29:18] INFO: 查找SunloginRemote.exe,并运行程序
[2024-02-02 01:38:52] INFO: 用户配置sql文件:DataBaseInfo/MysqlInfo/new_nanfang.yml
[2024-02-02 01:38:52] INFO: 成功连接数据库:nanfang
[2024-02-02 01:39:43] INFO: 查找当前运行的SunloginRemote.exe,并结束进程
[2024-02-02 01:39:46] INFO: 查找SunloginRemote.exe,并运行程序
[2024-02-02 01:41:45] INFO: 用户配置sql文件:DataBaseInfo/MysqlInfo/new_nanfang.yml
[2024-02-02 01:41:45] INFO: 成功连接数据库:nanfang
[2024-02-02 01:45:43] INFO: 用户配置sql文件:DataBaseInfo/MysqlInfo/new_nanfang.yml
[2024-02-02 01:45:44] INFO: 成功连接数据库:nanfang
[2024-02-02 01:47:36] INFO: 查找当前运行的SunloginRemote.exe,并结束进程
[2024-02-02 01:47:39] INFO: 查找SunloginRemote.exe,并运行程序
[2024-02-02 01:49:33] INFO: 用户配置sql文件:DataBaseInfo/MysqlInfo/new_nanfang.yml
[2024-02-02 01:49:33] INFO: 成功连接数据库:nanfang
[2024-02-02 01:51:25] INFO: 用户配置sql文件:DataBaseInfo/MysqlInfo/new_nanfang.yml
[2024-02-02 01:51:26] INFO: 成功连接数据库:nanfang
[2024-02-02 01:53:04] INFO: 用户配置sql文件:DataBaseInfo/MysqlInfo/new_nanfang.yml
[2024-02-02 01:53:05] INFO: 成功连接数据库:nanfang
[2024-02-02 01:57:16] INFO: 用户配置sql文件:DataBaseInfo/MysqlInfo/new_nanfang.yml
[2024-02-02 01:57:17] INFO: 成功连接数据库:nanfang
[2024-02-02 01:59:15] INFO: 查找当前运行的SunloginRemote.exe,并结束进程
[2024-02-02 01:59:18] INFO: 查找SunloginRemote.exe,并运行程序
[2024-02-02 02:01:14] INFO: 用户配置sql文件:DataBaseInfo/MysqlInfo/new_nanfang.yml
[2024-02-02 02:01:14] INFO: 成功连接数据库:nanfang
[2024-02-02 02:03:45] INFO: 查找当前运行的SunloginRemote.exe,并结束进程
[2024-02-02 02:03:48] INFO: 查找SunloginRemote.exe,并运行程序
[2024-02-02 02:06:30] INFO: 用户配置sql文件:DataBaseInfo/MysqlInfo/new_nanfang.yml
[2024-02-02 02:06:30] INFO: 成功连接数据库:nanfang
[2024-02-02 02:07:33] INFO: 查找当前运行的SunloginRemote.exe,并结束进程
[2024-02-02 02:07:36] INFO: 查找SunloginRemote.exe,并运行程序
[2024-02-02 02:08:44] INFO: 查找当前运行的SunloginRemote.exe,并结束进程
[2024-02-02 02:08:47] INFO: 查找SunloginRemote.exe,并运行程序
[2024-02-02 02:14:04] INFO: 用户配置sql文件:DataBaseInfo/MysqlInfo/new_nanfang.yml
[2024-02-02 02:14:05] INFO: 成功连接数据库:nanfang
[2024-02-02 02:17:47] INFO: 用户配置sql文件:DataBaseInfo/MysqlInfo/new_nanfang.yml
[2024-02-02 02:17:47] INFO: 成功连接数据库:nanfang
[2024-02-02 02:18:38] INFO: 查找当前运行的SunloginRemote.exe,并结束进程
[2024-02-02 02:18:41] INFO: 查找SunloginRemote.exe,并运行程序
[2024-02-02 02:21:01] INFO: 查找当前运行的SunloginRemote.exe,并结束进程
[2024-02-02 02:21:04] INFO: 查找SunloginRemote.exe,并运行程序
[2024-02-02 02:23:09] INFO: 用户配置sql文件:DataBaseInfo/MysqlInfo/new_nanfang.yml
[2024-02-02 02:23:09] INFO: 成功连接数据库:nanfang
[2024-02-02 02:27:57] INFO: 用户配置sql文件:DataBaseInfo/MysqlInfo/new_nanfang.yml
[2024-02-02 02:27:58] INFO: 成功连接数据库:nanfang
[2024-02-02 02:30:34] INFO: 查找当前运行的SunloginRemote.exe,并结束进程
[2024-02-02 02:30:37] INFO: 查找SunloginRemote.exe,并运行程序
[2024-02-02 02:33:46] INFO: 用户配置sql文件:DataBaseInfo/MysqlInfo/new_nanfang.yml
[2024-02-02 02:33:46] INFO: 成功连接数据库:nanfang
[2024-02-02 02:34:26] INFO: 查找当前运行的SunloginRemote.exe,并结束进程
[2024-02-02 02:34:29] INFO: 查找SunloginRemote.exe,并运行程序
[2024-02-02 02:35:36] INFO: 查找当前运行的SunloginRemote.exe,并结束进程
[2024-02-02 02:35:39] INFO: 查找SunloginRemote.exe,并运行程序
[2024-02-02 02:36:31] INFO: 查找当前运行的SunloginRemote.exe,并结束进程
[2024-02-02 02:36:34] INFO: 查找SunloginRemote.exe,并运行程序
[2024-02-02 02:41:45] INFO: 查找当前运行的SunloginRemote.exe,并结束进程
[2024-02-02 02:41:48] INFO: 查找SunloginRemote.exe,并运行程序
[2024-02-02 02:43:46] INFO: 用户配置sql文件:DataBaseInfo/MysqlInfo/new_nanfang.yml
[2024-02-02 02:43:46] INFO: 成功连接数据库:nanfang
[2024-02-02 02:47:31] INFO: 用户配置sql文件:DataBaseInfo/MysqlInfo/new_nanfang.yml
[2024-02-02 02:47:32] INFO: 成功连接数据库:nanfang
[2024-02-02 02:48:08] INFO: 用户配置sql文件:DataBaseInfo/MysqlInfo/new_nanfang.yml
[2024-02-02 02:48:08] INFO: 成功连接数据库:nanfang
[2024-02-02 02:54:59] INFO: 用户配置sql文件:DataBaseInfo/MysqlInfo/new_nanfang.yml
[2024-02-02 02:54:59] INFO: 成功连接数据库:nanfang
[2024-02-02 02:56:03] INFO: 查找当前运行的SunloginRemote.exe,并结束进程
[2024-02-02 02:56:06] INFO: 查找SunloginRemote.exe,并运行程序
[2024-02-02 02:57:09] INFO: 查找当前运行的SunloginRemote.exe,并结束进程
[2024-02-02 02:57:12] INFO: 查找SunloginRemote.exe,并运行程序
[2024-02-02 02:59:01] INFO: 查找当前运行的SunloginRemote.exe,并结束进程
[2024-02-02 02:59:04] INFO: 查找SunloginRemote.exe,并运行程序
[2024-02-02 03:00:59] INFO: 查找当前运行的SunloginRemote.exe,并结束进程
[2024-02-02 03:01:02] INFO: 查找SunloginRemote.exe,并运行程序
[2024-02-02 15:33:17] INFO: 查找当前运行的SunloginRemote.exe,并结束进程
[2024-02-02 15:33:20] INFO: 查找SunloginRemote.exe,并运行程序
[2024-02-02 15:34:30] INFO: 查找当前运行的SunloginRemote.exe,并结束进程
[2024-02-02 15:34:33] INFO: 查找SunloginRemote.exe,并运行程序
[2024-02-02 15:35:06] INFO: 查找当前运行的SunloginRemote.exe,并结束进程
[2024-02-02 15:35:09] INFO: 查找SunloginRemote.exe,并运行程序
[2024-02-02 15:37:04] INFO: 查找当前运行的SunloginRemote.exe,并结束进程
[2024-02-02 15:37:07] INFO: 查找SunloginRemote.exe,并运行程序
[2024-02-02 15:37:40] INFO: 查找当前运行的SunloginRemote.exe,并结束进程
[2024-02-02 15:37:43] INFO: 查找SunloginRemote.exe,并运行程序
[2024-02-02 15:40:54] INFO: 查找当前运行的SunloginRemote.exe,并结束进程
[2024-02-02 15:40:57] INFO: 查找SunloginRemote.exe,并运行程序
[2024-02-02 15:41:39] INFO: 查找当前运行的SunloginRemote.exe,并结束进程
[2024-02-02 15:41:42] INFO: 查找SunloginRemote.exe,并运行程序
[2024-02-02 19:28:21] INFO: 查找当前运行的SunloginRemote.exe,并结束进程
[2024-02-02 19:28:24] INFO: 查找SunloginRemote.exe,并运行程序
[2024-02-02 19:36:26] INFO: 用户配置sql文件:DataBaseInfo/MysqlInfo/new_nanfang.yml
[2024-02-02 19:36:26] INFO: 成功连接数据库:nanfang
[2024-02-02 19:40:16] INFO: 用户配置sql文件:DataBaseInfo/MysqlInfo/new_nanfang.yml
[2024-02-02 19:40:16] INFO: 成功连接数据库:nanfang
[2024-02-02 19:41:09] INFO: 用户配置sql文件:DataBaseInfo/MysqlInfo/new_nanfang.yml
[2024-02-02 19:41:09] INFO: 成功连接数据库:nanfang
[2024-02-02 19:44:41] INFO: 用户配置sql文件:DataBaseInfo/MysqlInfo/new_nanfang.yml
[2024-02-02 19:44:41] INFO: 成功连接数据库:nanfang
[2024-02-02 19:45:35] INFO: 用户配置sql文件:DataBaseInfo/MysqlInfo/new_nanfang.yml
[2024-02-02 19:45:36] INFO: 成功连接数据库:nanfang
[2024-02-02 19:46:53] INFO: 用户配置sql文件:DataBaseInfo/MysqlInfo/new_nanfang.yml
[2024-02-02 19:46:53] INFO: 成功连接数据库:nanfang
[2024-02-02 19:47:26] INFO: 用户配置sql文件:DataBaseInfo/MysqlInfo/new_nanfang.yml
[2024-02-02 19:47:26] INFO: 成功连接数据库:nanfang
[2024-02-02 19:47:48] INFO: 用户配置sql文件:DataBaseInfo/MysqlInfo/new_nanfang.yml
[2024-02-02 19:47:48] INFO: 成功连接数据库:nanfang
[2024-02-02 19:49:06] INFO: 用户配置sql文件:DataBaseInfo/MysqlInfo/new_nanfang.yml
[2024-02-02 19:49:06] INFO: 成功连接数据库:nanfang
[2024-02-02 19:49:26] INFO: 用户配置sql文件:DataBaseInfo/MysqlInfo/new_nanfang.yml
[2024-02-02 19:49:26] INFO: 成功连接数据库:nanfang
[2024-02-02 19:50:36] INFO: 用户配置sql文件:DataBaseInfo/MysqlInfo/new_nanfang.yml
[2024-02-02 19:50:36] INFO: 成功连接数据库:nanfang
[2024-02-02 19:50:57] INFO: 用户配置sql文件:DataBaseInfo/MysqlInfo/new_nanfang.yml
[2024-02-02 19:50:57] INFO: 成功连接数据库:nanfang
[2024-02-02 19:51:16] INFO: 用户配置sql文件:DataBaseInfo/MysqlInfo/new_nanfang.yml
[2024-02-02 19:51:16] INFO: 成功连接数据库:nanfang
[2024-02-02 19:51:48] INFO: 用户配置sql文件:DataBaseInfo/MysqlInfo/new_nanfang.yml
[2024-02-02 19:51:48] INFO: 成功连接数据库:nanfang
[2024-02-02 19:52:03] INFO: 用户配置sql文件:DataBaseInfo/MysqlInfo/new_nanfang.yml
[2024-02-02 19:52:03] INFO: 成功连接数据库:nanfang
[2024-02-02 19:54:18] INFO: 用户配置sql文件:DataBaseInfo/MysqlInfo/new_nanfang.yml
[2024-02-02 19:54:18] INFO: 成功连接数据库:nanfang
[2024-02-02 19:54:37] INFO: 用户配置sql文件:DataBaseInfo/MysqlInfo/new_nanfang.yml
[2024-02-02 19:54:37] INFO: 成功连接数据库:nanfang
[2024-02-02 19:54:56] INFO: 用户配置sql文件:DataBaseInfo/MysqlInfo/new_nanfang.yml
[2024-02-02 19:54:56] INFO: 成功连接数据库:nanfang
[2024-02-02 19:55:13] INFO: 用户配置sql文件:DataBaseInfo/MysqlInfo/new_nanfang.yml
[2024-02-02 19:55:13] INFO: 成功连接数据库:nanfang
[2024-02-02 19:55:36] INFO: 用户配置sql文件:DataBaseInfo/MysqlInfo/new_nanfang.yml
[2024-02-02 19:55:37] INFO: 成功连接数据库:nanfang
[2024-02-02 19:55:54] INFO: 用户配置sql文件:DataBaseInfo/MysqlInfo/new_nanfang.yml
[2024-02-02 19:55:54] INFO: 成功连接数据库:nanfang
[2024-02-02 19:56:14] INFO: 用户配置sql文件:DataBaseInfo/MysqlInfo/new_nanfang.yml
[2024-02-02 19:56:14] INFO: 成功连接数据库:nanfang
[2024-02-02 19:56:39] INFO: 用户配置sql文件:DataBaseInfo/MysqlInfo/new_nanfang.yml
[2024-02-02 19:56:39] INFO: 成功连接数据库:nanfang
[2024-02-02 19:57:23] INFO: 用户配置sql文件:DataBaseInfo/MysqlInfo/new_nanfang.yml
[2024-02-02 19:57:23] INFO: 成功连接数据库:nanfang
[2024-02-02 19:57:47] INFO: 用户配置sql文件:DataBaseInfo/MysqlInfo/new_nanfang.yml
[2024-02-02 19:57:47] INFO: 成功连接数据库:nanfang
[2024-02-02 19:58:38] INFO: 用户配置sql文件:DataBaseInfo/MysqlInfo/new_nanfang.yml
[2024-02-02 19:58:38] INFO: 成功连接数据库:nanfang
[2024-02-02 19:58:56] INFO: 用户配置sql文件:DataBaseInfo/MysqlInfo/new_nanfang.yml
[2024-02-02 19:58:57] INFO: 成功连接数据库:nanfang
[2024-02-02 19:59:42] INFO: 用户配置sql文件:DataBaseInfo/MysqlInfo/new_nanfang.yml
[2024-02-02 19:59:42] INFO: 成功连接数据库:nanfang
[2024-02-02 20:00:03] INFO: 用户配置sql文件:DataBaseInfo/MysqlInfo/new_nanfang.yml
[2024-02-02 20:00:04] INFO: 成功连接数据库:nanfang
[2024-02-02 20:00:28] INFO: 用户配置sql文件:DataBaseInfo/MysqlInfo/new_nanfang.yml
[2024-02-02 20:00:29] INFO: 成功连接数据库:nanfang
[2024-02-02 20:02:34] INFO: 用户配置sql文件:DataBaseInfo/MysqlInfo/new_nanfang.yml
[2024-02-02 20:02:34] INFO: 成功连接数据库:nanfang
[2024-02-02 20:02:55] INFO: 用户配置sql文件:DataBaseInfo/MysqlInfo/new_nanfang.yml
[2024-02-02 20:02:55] INFO: 成功连接数据库:nanfang
[2024-02-02 20:45:46] INFO: 查找当前运行的SunloginRemote.exe,并结束进程
[2024-02-02 20:45:49] INFO: 查找SunloginRemote.exe,并运行程序
[2024-02-02 20:47:49] INFO: 用户配置sql文件:DataBaseInfo/MysqlInfo/new_nanfang.yml
[2024-02-02 20:47:49] INFO: 成功连接数据库:nanfang
[2024-02-02 20:50:30] INFO: 用户配置sql文件:DataBaseInfo/MysqlInfo/new_nanfang.yml
[2024-02-02 20:50:30] INFO: 成功连接数据库:nanfang
[2024-02-02 20:51:07] INFO: 用户配置sql文件:DataBaseInfo/MysqlInfo/new_nanfang.yml
[2024-02-02 20:51:07] INFO: 成功连接数据库:nanfang
[2024-02-02 20:51:17] INFO: 用户配置sql文件:DataBaseInfo/MysqlInfo/new_nanfang.yml
[2024-02-02 20:51:17] INFO: 成功连接数据库:nanfang
[2024-02-02 20:51:43] INFO: 用户配置sql文件:DataBaseInfo/MysqlInfo/new_nanfang.yml
[2024-02-02 20:51:43] INFO: 成功连接数据库:nanfang
[2024-02-02 22:27:53] INFO: 查找当前运行的SunloginRemote.exe,并结束进程
[2024-02-02 22:27:56] INFO: 查找SunloginRemote.exe,并运行程序
[2024-02-02 22:34:11] INFO: 查找当前运行的SunloginRemote.exe,并结束进程
[2024-02-02 22:34:14] INFO: 查找SunloginRemote.exe,并运行程序
[2024-02-02 23:39:01] INFO: 查找当前运行的SunloginRemote.exe,并结束进程
[2024-02-02 23:39:04] INFO: 查找SunloginRemote.exe,并运行程序
[2024-02-02 23:39:44] INFO: 查找当前运行的SunloginRemote.exe,并结束进程
[2024-02-02 23:39:47] INFO: 查找SunloginRemote.exe,并运行程序
[2024-02-02 23:48:50] INFO: 用户配置sql文件:DataBaseInfo/MysqlInfo/new_nanfang.yml
[2024-02-02 23:48:50] INFO: 成功连接数据库:nanfang
[2024-02-02 23:50:28] INFO: 用户配置sql文件:DataBaseInfo/MysqlInfo/new_nanfang.yml
[2024-02-02 23:50:28] INFO: 成功连接数据库:nanfang
[2024-02-02 23:50:39] INFO: 用户配置sql文件:DataBaseInfo/MysqlInfo/new_nanfang.yml
[2024-02-02 23:50:40] INFO: 成功连接数据库:nanfang
[2024-02-02 23:51:59] INFO: 用户配置sql文件:DataBaseInfo/MysqlInfo/new_nanfang.yml
[2024-02-02 23:51:59] INFO: 成功连接数据库:nanfang
[2024-02-02 23:53:07] INFO: 用户配置sql文件:DataBaseInfo/MysqlInfo/new_nanfang.yml
[2024-02-02 23:53:07] INFO: 成功连接数据库:nanfang
[2024-02-02 23:53:33] INFO: 用户配置sql文件:DataBaseInfo/MysqlInfo/new_nanfang.yml
[2024-02-02 23:53:33] INFO: 成功连接数据库:nanfang
[2024-02-02 23:54:17] INFO: 用户配置sql文件:DataBaseInfo/MysqlInfo/new_nanfang.yml
[2024-02-02 23:54:17] INFO: 成功连接数据库:nanfang
[2024-02-02 23:54:42] INFO: 用户配置sql文件:DataBaseInfo/MysqlInfo/new_nanfang.yml
[2024-02-02 23:54:43] INFO: 成功连接数据库:nanfang
[2024-02-02 23:56:08] INFO: 用户配置sql文件:DataBaseInfo/MysqlInfo/new_nanfang.yml
[2024-02-02 23:56:08] INFO: 成功连接数据库:nanfang
[2024-02-02 23:56:17] INFO: 用户配置sql文件:DataBaseInfo/MysqlInfo/new_nanfang.yml
[2024-02-02 23:56:17] INFO: 成功连接数据库:nanfang
[2024-02-02 23:57:12] INFO: 用户配置sql文件:DataBaseInfo/MysqlInfo/new_nanfang.yml
[2024-02-02 23:57:12] INFO: 成功连接数据库:nanfang
[2024-02-02 23:57:43] INFO: 用户配置sql文件:DataBaseInfo/MysqlInfo/new_nanfang.yml
[2024-02-02 23:57:43] INFO: 成功连接数据库:nanfang
[2024-02-02 23:58:29] INFO: 用户配置sql文件:DataBaseInfo/MysqlInfo/new_nanfang.yml
[2024-02-02 23:58:29] INFO: 成功连接数据库:nanfang
[2024-02-02 23:59:34] INFO: 用户配置sql文件:DataBaseInfo/MysqlInfo/new_nanfang.yml
[2024-02-02 23:59:34] INFO: 成功连接数据库:nanfang
[2024-02-03 00:02:28] INFO: 用户配置sql文件:DataBaseInfo/MysqlInfo/new_nanfang.yml
[2024-02-03 00:02:28] INFO: 成功连接数据库:nanfang
[2024-02-03 00:03:22] INFO: 用户配置sql文件:DataBaseInfo/MysqlInfo/new_nanfang.yml
[2024-02-03 00:03:23] INFO: 成功连接数据库:nanfang
[2024-02-03 00:06:28] INFO: 用户配置sql文件:DataBaseInfo/MysqlInfo/new_nanfang.yml
[2024-02-03 00:06:28] INFO: 成功连接数据库:nanfang
[2024-02-03 00:08:31] INFO: 用户配置sql文件:DataBaseInfo/MysqlInfo/new_nanfang.yml
[2024-02-03 00:08:31] INFO: 成功连接数据库:nanfang
[2024-02-03 01:27:58] INFO: 用户配置sql文件:DataBaseInfo/MysqlInfo/new_nanfang.yml
[2024-02-03 01:27:58] INFO: 成功连接数据库:nanfang
[2024-02-03 01:28:26] INFO: 查找当前运行的SunloginRemote.exe,并结束进程
[2024-02-03 01:28:29] INFO: 查找SunloginRemote.exe,并运行程序
[2024-02-03 01:29:54] INFO: 查找当前运行的SunloginRemote.exe,并结束进程
[2024-02-03 01:29:57] INFO: 查找SunloginRemote.exe,并运行程序
[2024-02-03 01:30:57] INFO: 查找当前运行的SunloginRemote.exe,并结束进程
[2024-02-03 01:31:00] INFO: 查找SunloginRemote.exe,并运行程序
[2024-02-03 01:32:53] INFO: 用户配置sql文件:DataBaseInfo/MysqlInfo/new_nanfang.yml
[2024-02-03 01:32:53] INFO: 成功连接数据库:nanfang
[2024-02-03 01:37:20] INFO: 用户配置sql文件:DataBaseInfo/MysqlInfo/new_nanfang.yml
[2024-02-03 01:37:20] INFO: 成功连接数据库:nanfang
[2024-02-03 01:37:44] INFO: 用户配置sql文件:DataBaseInfo/MysqlInfo/new_nanfang.yml
[2024-02-03 01:37:44] INFO: 成功连接数据库:nanfang
[2024-02-03 01:37:55] INFO: 用户配置sql文件:DataBaseInfo/MysqlInfo/new_nanfang.yml
[2024-02-03 01:37:55] INFO: 成功连接数据库:nanfang
[2024-02-03 01:39:24] INFO: 用户配置sql文件:DataBaseInfo/MysqlInfo/new_nanfang.yml
[2024-02-03 01:39:24] INFO: 成功连接数据库:nanfang
[2024-02-03 01:42:29] INFO: 用户配置sql文件:DataBaseInfo/MysqlInfo/new_nanfang.yml
[2024-02-03 01:42:29] INFO: 成功连接数据库:nanfang
[2024-02-03 01:43:38] INFO: 用户配置sql文件:DataBaseInfo/MysqlInfo/new_nanfang.yml
[2024-02-03 01:43:38] INFO: 成功连接数据库:nanfang
[2024-02-03 01:46:03] INFO: 用户配置sql文件:DataBaseInfo/MysqlInfo/new_nanfang.yml
[2024-02-03 01:46:04] INFO: 成功连接数据库:nanfang
[2024-02-03 01:48:51] INFO: 查找当前运行的SunloginRemote.exe,并结束进程
[2024-02-03 01:48:54] INFO: 查找SunloginRemote.exe,并运行程序
[2024-02-03 01:49:30] INFO: 查找当前运行的SunloginRemote.exe,并结束进程
[2024-02-03 01:49:33] INFO: 查找SunloginRemote.exe,并运行程序
[2024-02-03 01:50:05] INFO: 查找当前运行的SunloginRemote.exe,并结束进程
[2024-02-03 01:50:08] INFO: 查找SunloginRemote.exe,并运行程序
[2024-02-03 01:50:32] INFO: 查找当前运行的SunloginRemote.exe,并结束进程
[2024-02-03 01:50:35] INFO: 查找SunloginRemote.exe,并运行程序
[2024-02-03 01:51:18] INFO: 查找当前运行的SunloginRemote.exe,并结束进程
[2024-02-03 01:51:21] INFO: 查找SunloginRemote.exe,并运行程序
[2024-02-03 01:56:37] INFO: 查找当前运行的SunloginRemote.exe,并结束进程
[2024-02-03 01:56:40] INFO: 查找SunloginRemote.exe,并运行程序
[2024-02-03 01:57:46] INFO: 查找当前运行的SunloginRemote.exe,并结束进程
[2024-02-03 01:57:49] INFO: 查找SunloginRemote.exe,并运行程序
[2024-02-03 01:58:36] INFO: 查找当前运行的SunloginRemote.exe,并结束进程
[2024-02-03 01:58:39] INFO: 查找SunloginRemote.exe,并运行程序
[2024-02-03 02:00:36] INFO: 用户配置sql文件:DataBaseInfo/MysqlInfo/new_nanfang.yml
[2024-02-03 02:00:36] INFO: 成功连接数据库:nanfang
[2024-02-03 02:03:24] INFO: 用户配置sql文件:DataBaseInfo/MysqlInfo/new_nanfang.yml
[2024-02-03 02:03:24] INFO: 成功连接数据库:nanfang
[2024-02-03 02:05:02] INFO: 用户配置sql文件:DataBaseInfo/MysqlInfo/new_nanfang.yml
[2024-02-03 02:05:02] INFO: 成功连接数据库:nanfang
[2024-02-03 02:05:25] INFO: 用户配置sql文件:DataBaseInfo/MysqlInfo/new_nanfang.yml
[2024-02-03 02:05:25] INFO: 成功连接数据库:nanfang
[2024-02-03 02:06:39] INFO: 用户配置sql文件:DataBaseInfo/MysqlInfo/new_nanfang.yml
[2024-02-03 02:06:39] INFO: 成功连接数据库:nanfang
[2024-02-03 02:09:45] INFO: 用户配置sql文件:DataBaseInfo/MysqlInfo/new_nanfang.yml
[2024-02-03 02:09:46] INFO: 成功连接数据库:nanfang
[2024-02-03 02:12:43] INFO: 用户配置sql文件:DataBaseInfo/MysqlInfo/new_nanfang.yml
[2024-02-03 02:12:44] INFO: 成功连接数据库:nanfang
[2024-02-03 02:17:52] INFO: 用户配置sql文件:DataBaseInfo/MysqlInfo/new_nanfang.yml
[2024-02-03 02:17:52] INFO: 成功连接数据库:nanfang
[2024-02-03 02:19:21] INFO: 用户配置sql文件:DataBaseInfo/MysqlInfo/new_nanfang.yml
[2024-02-03 02:19:21] INFO: 成功连接数据库:nanfang
[2024-02-03 02:23:16] INFO: 用户配置sql文件:DataBaseInfo/MysqlInfo/new_nanfang.yml
[2024-02-03 02:23:16] INFO: 成功连接数据库:nanfang
[2024-02-04 01:40:57] INFO: 用户配置sql文件:DataBaseInfo/MysqlInfo/new_nanfang.yml
[2024-02-04 01:40:57] INFO: 成功连接数据库:nanfang
[2024-02-04 01:41:34] INFO: 查找当前运行的SunloginRemote.exe,并结束进程
[2024-02-04 01:41:37] INFO: 查找SunloginRemote.exe,并运行程序
[2024-02-04 01:45:02] INFO: 用户配置sql文件:DataBaseInfo/MysqlInfo/new_nanfang.yml
[2024-02-04 01:45:02] INFO: 成功连接数据库:nanfang
[2024-02-04 01:49:07] INFO: 用户配置sql文件:DataBaseInfo/MysqlInfo/new_nanfang.yml
[2024-02-04 01:49:08] INFO: 成功连接数据库:nanfang
[2024-02-04 01:52:26] INFO: 用户配置sql文件:DataBaseInfo/MysqlInfo/new_nanfang.yml
[2024-02-04 01:52:26] INFO: 成功连接数据库:nanfang
[2024-02-04 01:53:53] INFO: 用户配置sql文件:DataBaseInfo/MysqlInfo/new_nanfang.yml
[2024-02-04 01:53:53] INFO: 成功连接数据库:nanfang
[2024-02-04 01:54:48] INFO: 用户配置sql文件:DataBaseInfo/MysqlInfo/new_nanfang.yml
[2024-02-04 01:54:48] INFO: 成功连接数据库:nanfang
[2024-02-04 01:55:59] INFO: 用户配置sql文件:DataBaseInfo/MysqlInfo/new_nanfang.yml
[2024-02-04 01:55:59] INFO: 成功连接数据库:nanfang
[2024-02-04 01:58:10] INFO: 用户配置sql文件:DataBaseInfo/MysqlInfo/new_nanfang.yml
[2024-02-04 01:58:11] INFO: 成功连接数据库:nanfang
[2024-02-04 02:00:18] INFO: 用户配置sql文件:DataBaseInfo/MysqlInfo/new_nanfang.yml
[2024-02-04 02:00:18] INFO: 成功连接数据库:nanfang
[2024-02-04 02:00:57] INFO: 用户配置sql文件:DataBaseInfo/MysqlInfo/new_nanfang.yml
[2024-02-04 02:00:58] INFO: 成功连接数据库:nanfang
[2024-02-04 02:01:11] INFO: 用户配置sql文件:DataBaseInfo/MysqlInfo/new_nanfang.yml
[2024-02-04 02:01:12] INFO: 成功连接数据库:nanfang
[2024-02-04 02:02:09] INFO: 用户配置sql文件:DataBaseInfo/MysqlInfo/new_nanfang.yml
[2024-02-04 02:02:09] INFO: 成功连接数据库:nanfang
[2024-02-04 02:05:33] INFO: 用户配置sql文件:DataBaseInfo/MysqlInfo/new_nanfang.yml
[2024-02-04 02:05:33] INFO: 成功连接数据库:nanfang
[2024-02-04 02:08:21] INFO: 用户配置sql文件:DataBaseInfo/MysqlInfo/new_nanfang.yml
[2024-02-04 02:08:21] INFO: 成功连接数据库:nanfang
[2024-02-04 02:09:33] INFO: 用户配置sql文件:DataBaseInfo/MysqlInfo/new_nanfang.yml
[2024-02-04 02:09:33] INFO: 成功连接数据库:nanfang
[2024-02-04 02:13:20] INFO: 用户配置sql文件:DataBaseInfo/MysqlInfo/new_nanfang.yml
[2024-02-04 02:13:20] INFO: 成功连接数据库:nanfang
[2024-02-04 02:13:24] INFO: 用户配置sql文件:DataBaseInfo/MysqlInfo/new_nanfang.yml
[2024-02-04 02:13:24] INFO: 成功连接数据库:nanfang
[2024-02-04 02:14:10] INFO: 用户配置sql文件:DataBaseInfo/MysqlInfo/new_nanfang.yml
[2024-02-04 02:14:10] INFO: 成功连接数据库:nanfang
[2024-02-04 02:17:48] INFO: 用户配置sql文件:DataBaseInfo/MysqlInfo/new_nanfang.yml
[2024-02-04 02:17:48] INFO: 成功连接数据库:nanfang
[2024-02-04 02:21:03] INFO: 用户配置sql文件:DataBaseInfo/MysqlInfo/new_nanfang.yml
[2024-02-04 02:21:03] INFO: 成功连接数据库:nanfang
